<?xml version="1.0" encoding="UTF-8"?>
<testng-results skipped="0" failed="0" ignored="0" total="4" passed="4">
  <reporter-output>
  </reporter-output>
  <suite name="Automation" duration-ms="19142" started-at="2018-01-14T04:08:01Z" finished-at="2018-01-14T04:08:20Z">
    <groups>
      <group name="smoke">
        <method signature="LoginTest.loginWithEmptyCredentials()[pri:0, instance:test.LoginTest@42d3bd8b]" name="loginWithEmptyCredentials" class="test.LoginTest"/>
        <method signature="LoginTest.loginWithInvalidPassword()[pri:0, instance:test.LoginTest@42d3bd8b]" name="loginWithInvalidPassword" class="test.LoginTest"/>
        <method signature="LoginTest.loginWithValidCredentials()[pri:0, instance:test.LoginTest@42d3bd8b]" name="loginWithValidCredentials" class="test.LoginTest"/>
        <method signature="LoginTest.loginWthInvalidUsername()[pri:0, instance:test.LoginTest@42d3bd8b]" name="loginWthInvalidUsername" class="test.LoginTest"/>
      </group> <!-- smoke -->
    </groups>
    <test name="Chrome Local" duration-ms="19142" started-at="2018-01-14T04:08:01Z" finished-at="2018-01-14T04:08:20Z">
      <class name="test.LoginTest">
        <test-method status="PASS" signature="setUp(boolean, boolean, java.lang.String, java.lang.String)[pri:0, instance:test.LoginTest@42d3bd8b]" name="setUp" is-config="true" duration-ms="5739" started-at="2018-01-13T23:08:01Z" finished-at="2018-01-13T23:08:07Z">
          <params>
            <param index="0">
              <value>
                <![CDATA[true]]>
              </value>
            </param>
            <param index="1">
              <value>
                <![CDATA[false]]>
              </value>
            </param>
            <param index="2">
              <value>
                <![CDATA[chrome]]>
              </value>
            </param>
            <param index="3">
              <value>
                <![CDATA[http://192.168.0.19:5555/wd/hub]]>
              </value>
            </param>
          </params>
          <reporter-output>
          </reporter-output>
        </test-method> <!-- setUp -->
        <test-method status="PASS" signature="loginWithEmptyCredentials()[pri:0, instance:test.LoginTest@42d3bd8b]" name="loginWithEmptyCredentials" duration-ms="1070" started-at="2018-01-13T23:08:07Z" finished-at="2018-01-13T23:08:08Z">
          <reporter-output>
          </reporter-output>
        </test-method> <!-- loginWithEmptyCredentials -->
        <test-method status="PASS" signature="tearDown()[pri:0, instance:test.LoginTest@42d3bd8b]" name="tearDown" is-config="true" duration-ms="127" started-at="2018-01-13T23:08:08Z" finished-at="2018-01-13T23:08:08Z">
          <reporter-output>
          </reporter-output>
        </test-method> <!-- tearDown -->
        <test-method status="PASS" signature="setUp(boolean, boolean, java.lang.String, java.lang.String)[pri:0, instance:test.LoginTest@42d3bd8b]" name="setUp" is-config="true" duration-ms="2754" started-at="2018-01-13T23:08:08Z" finished-at="2018-01-13T23:08:11Z">
          <params>
            <param index="0">
              <value>
                <![CDATA[true]]>
              </value>
            </param>
            <param index="1">
              <value>
                <![CDATA[false]]>
              </value>
            </param>
            <param index="2">
              <value>
                <![CDATA[chrome]]>
              </value>
            </param>
            <param index="3">
              <value>
                <![CDATA[http://192.168.0.19:5555/wd/hub]]>
              </value>
            </param>
          </params>
          <reporter-output>
          </reporter-output>
        </test-method> <!-- setUp -->
        <test-method status="PASS" signature="loginWithInvalidPassword()[pri:0, instance:test.LoginTest@42d3bd8b]" name="loginWithInvalidPassword" duration-ms="1170" started-at="2018-01-13T23:08:11Z" finished-at="2018-01-13T23:08:12Z">
          <reporter-output>
          </reporter-output>
        </test-method> <!-- loginWithInvalidPassword -->
        <test-method status="PASS" signature="tearDown()[pri:0, instance:test.LoginTest@42d3bd8b]" name="tearDown" is-config="true" duration-ms="89" started-at="2018-01-13T23:08:12Z" finished-at="2018-01-13T23:08:12Z">
          <reporter-output>
          </reporter-output>
        </test-method> <!-- tearDown -->
        <test-method status="PASS" signature="setUp(boolean, boolean, java.lang.String, java.lang.String)[pri:0, instance:test.LoginTest@42d3bd8b]" name="setUp" is-config="true" duration-ms="2849" started-at="2018-01-13T23:08:12Z" finished-at="2018-01-13T23:08:15Z">
          <params>
            <param index="0">
              <value>
                <![CDATA[true]]>
              </value>
            </param>
            <param index="1">
              <value>
                <![CDATA[false]]>
              </value>
            </param>
            <param index="2">
              <value>
                <![CDATA[chrome]]>
              </value>
            </param>
            <param index="3">
              <value>
                <![CDATA[http://192.168.0.19:5555/wd/hub]]>
              </value>
            </param>
          </params>
          <reporter-output>
          </reporter-output>
        </test-method> <!-- setUp -->
        <test-method status="PASS" signature="loginWithValidCredentials()[pri:0, instance:test.LoginTest@42d3bd8b]" name="loginWithValidCredentials" duration-ms="1141" started-at="2018-01-13T23:08:15Z" finished-at="2018-01-13T23:08:16Z">
          <reporter-output>
          </reporter-output>
        </test-method> <!-- loginWithValidCredentials -->
        <test-method status="PASS" signature="tearDown()[pri:0, instance:test.LoginTest@42d3bd8b]" name="tearDown" is-config="true" duration-ms="114" started-at="2018-01-13T23:08:16Z" finished-at="2018-01-13T23:08:16Z">
          <reporter-output>
          </reporter-output>
        </test-method> <!-- tearDown -->
        <test-method status="PASS" signature="setUp(boolean, boolean, java.lang.String, java.lang.String)[pri:0, instance:test.LoginTest@42d3bd8b]" name="setUp" is-config="true" duration-ms="3288" started-at="2018-01-13T23:08:16Z" finished-at="2018-01-13T23:08:20Z">
          <params>
            <param index="0">
              <value>
                <![CDATA[true]]>
              </value>
            </param>
            <param index="1">
              <value>
                <![CDATA[false]]>
              </value>
            </param>
            <param index="2">
              <value>
                <![CDATA[chrome]]>
              </value>
            </param>
            <param index="3">
              <value>
                <![CDATA[http://192.168.0.19:5555/wd/hub]]>
              </value>
            </param>
          </params>
          <reporter-output>
          </reporter-output>
        </test-method> <!-- setUp -->
        <test-method status="PASS" signature="loginWthInvalidUsername()[pri:0, instance:test.LoginTest@42d3bd8b]" name="loginWthInvalidUsername" duration-ms="619" started-at="2018-01-13T23:08:20Z" finished-at="2018-01-13T23:08:20Z">
          <reporter-output>
          </reporter-output>
        </test-method> <!-- loginWthInvalidUsername -->
        <test-method status="PASS" signature="tearDown()[pri:0, instance:test.LoginTest@42d3bd8b]" name="tearDown" is-config="true" duration-ms="151" started-at="2018-01-13T23:08:20Z" finished-at="2018-01-13T23:08:20Z">
          <reporter-output>
          </reporter-output>
        </test-method> <!-- tearDown -->
      </class> <!-- test.LoginTest -->
    </test> <!-- Chrome Local -->
  </suite> <!-- Automation -->
</testng-results>
