<?xml version="1.0" encoding="UTF-8"?>
<!-- Generated by org.testng.reporters.JUnitXMLReporter -->
<testsuite hostname="Ibrahims-MacBook-Air.local" ignored="0" name="Chrome Local" tests="4" failures="0" timestamp="14 Jan 2018 04:08:25 GMT" time="19.142" errors="0">
  <testcase name="loginWithEmptyCredentials" time="1.07" classname="test.LoginTest"/>
  <testcase name="loginWithInvalidPassword" time="1.17" classname="test.LoginTest"/>
  <testcase name="loginWithValidCredentials" time="1.141" classname="test.LoginTest"/>
  <testcase name="loginWthInvalidUsername" time="0.619" classname="test.LoginTest"/>
</testsuite> <!-- Chrome Local -->
